build/outputs/logs/manifest-merger-release-report.txt
-- Merging decision tree log ---
manifest
ADDED from AndroidManifest.xml:2:1
	package
		ADDED from AndroidManifest.xml:3:5
		INJECTED from AndroidManifest.xml:0:0
		INJECTED from AndroidManifest.xml:0:0
	android:versionName
		INJECTED from AndroidManifest.xml:0:0
		INJECTED from AndroidManifest.xml:0:0
	xmlns:android
		ADDED from AndroidManifest.xml:2:11
	android:versionCode
		INJECTED from AndroidManifest.xml:0:0
		INJECTED from AndroidManifest.xml:0:0
uses-permission#android.permission.INTERNET
ADDED from AndroidManifest.xml:5:5
MERGED from YandexSharedPoints:yandexmapkitlibrary:unspecified:16:5
	android:name
		ADDED from AndroidManifest.xml:5:22
uses-permission#android.permission.ACCESS_COARSE_LOCATION
ADDED from AndroidManifest.xml:6:5
MERGED from YandexSharedPoints:yandexmapkitlibrary:unspecified:20:5
	android:name
		ADDED from AndroidManifest.xml:6:22
uses-permission#android.permission.ACCESS_FINE_LOCATION
ADDED from AndroidManifest.xml:7:5
MERGED from YandexSharedPoints:yandexmapkitlibrary:unspecified:17:5
	android:name
		ADDED from AndroidManifest.xml:7:22
uses-permission#android.permission.WRITE_EXTERNAL_STORAGE
ADDED from AndroidManifest.xml:8:5
MERGED from YandexSharedPoints:yandexmapkitlibrary:unspecified:18:5
	android:name
		ADDED from AndroidManifest.xml:8:22
uses-permission#android.permission.ACCESS_NETWORK_STATE
ADDED from AndroidManifest.xml:9:5
MERGED from YandexSharedPoints:yandexmapkitlibrary:unspecified:19:5
	android:name
		ADDED from AndroidManifest.xml:9:22
uses-permission#android.permission.ACCESS_WIFI_STATE
ADDED from AndroidManifest.xml:10:5
MERGED from YandexSharedPoints:yandexmapkitlibrary:unspecified:21:5
	android:name
		ADDED from AndroidManifest.xml:10:22
uses-permission#android.permission.CHANGE_WIFI_STATE
ADDED from AndroidManifest.xml:11:5
MERGED from YandexSharedPoints:yandexmapkitlibrary:unspecified:22:5
	android:name
		ADDED from AndroidManifest.xml:11:22
uses-permission#android.permission.READ_PHONE_STATE
ADDED from AndroidManifest.xml:12:5
MERGED from YandexSharedPoints:yandexmapkitlibrary:unspecified:23:5
	android:name
		ADDED from AndroidManifest.xml:12:22
uses-permission#android.permission.WRITE_SETTINGS
ADDED from AndroidManifest.xml:13:5
	android:name
		ADDED from AndroidManifest.xml:13:22
application
ADDED from AndroidManifest.xml:15:5
MERGED from com.vk:androidsdk:1.5.1:11:5
MERGED from com.android.support:support-v4:22.2.0:22:5
MERGED from com.android.support:appcompat-v7:22.2.0:22:5
MERGED from com.android.support:support-v4:22.2.0:22:5
	android:label
		ADDED from AndroidManifest.xml:18:9
	android:allowBackup
		ADDED from AndroidManifest.xml:16:9
	android:icon
		ADDED from AndroidManifest.xml:17:9
	android:theme
		ADDED from AndroidManifest.xml:19:9
meta-data#com.vk.sdk.AppId
ADDED from AndroidManifest.xml:20:9
	android:value
		ADDED from AndroidManifest.xml:20:52
	android:name
		ADDED from AndroidManifest.xml:20:20
activity#ru.vlad805.mapssharedpoints.MainActivity
ADDED from AndroidManifest.xml:21:9
	android:label
		ADDED from AndroidManifest.xml:23:13
	android:theme
		ADDED from AndroidManifest.xml:24:13
	android:name
		ADDED from AndroidManifest.xml:22:13
intent-filter#android.intent.action.MAIN+android.intent.category.LAUNCHER
ADDED from AndroidManifest.xml:25:13
action#android.intent.action.MAIN
ADDED from AndroidManifest.xml:26:17
	android:name
		ADDED from AndroidManifest.xml:26:25
category#android.intent.category.LAUNCHER
ADDED from AndroidManifest.xml:28:17
	android:name
		ADDED from AndroidManifest.xml:28:27
activity#ru.vlad805.mapssharedpoints.MapActivity
ADDED from AndroidManifest.xml:31:9
	android:label
		ADDED from AndroidManifest.xml:33:13
	android:theme
		ADDED from AndroidManifest.xml:34:13
	android:name
		ADDED from AndroidManifest.xml:32:13
intent-filter#android.intent.action.VIEW+android.intent.category.DEFAULT+yandex.intent.category.MAPKIT
ADDED from AndroidManifest.xml:35:13
category#yandex.intent.category.MAPKIT
ADDED from AndroidManifest.xml:36:17
	android:name
		ADDED from AndroidManifest.xml:36:27
action#android.intent.action.VIEW
ADDED from AndroidManifest.xml:38:17
	android:name
		ADDED from AndroidManifest.xml:38:25
category#android.intent.category.DEFAULT
ADDED from AndroidManifest.xml:40:17
	android:name
		ADDED from AndroidManifest.xml:40:27
activity#ru.vlad805.mapssharedpoints.NewPointActivity
ADDED from AndroidManifest.xml:43:9
	android:theme
		ADDED from AndroidManifest.xml:45:13
	android:name
		ADDED from AndroidManifest.xml:44:13
activity#ru.vlad805.mapssharedpoints.PointActivity
ADDED from AndroidManifest.xml:47:9
	android:theme
		ADDED from AndroidManifest.xml:49:13
	android:name
		ADDED from AndroidManifest.xml:48:13
activity#ru.vlad805.mapssharedpoints.SettingsActivity
ADDED from AndroidManifest.xml:51:9
	android:theme
		ADDED from AndroidManifest.xml:53:13
	android:name
		ADDED from AndroidManifest.xml:52:13
activity#ru.vlad805.mapssharedpoints.ListActivity
ADDED from AndroidManifest.xml:55:9
	android:label
		ADDED from AndroidManifest.xml:57:13
	android:theme
		ADDED from AndroidManifest.xml:58:13
	android:name
		ADDED from AndroidManifest.xml:56:13
activity#ru.vlad805.mapssharedpoints.EditPointActivity
ADDED from AndroidManifest.xml:60:9
	android:label
		ADDED from AndroidManifest.xml:62:13
	android:theme
		ADDED from AndroidManifest.xml:63:13
	android:name
		ADDED from AndroidManifest.xml:61:13
activity#ru.vlad805.mapssharedpoints.AboutActivity
ADDED from AndroidManifest.xml:65:9
	android:label
		ADDED from AndroidManifest.xml:67:13
	android:theme
		ADDED from AndroidManifest.xml:68:13
	android:name
		ADDED from AndroidManifest.xml:66:13
activity#ru.vlad805.mapssharedpoints.ProfileActivity
ADDED from AndroidManifest.xml:70:9
	android:label
		ADDED from AndroidManifest.xml:72:13
	android:theme
		ADDED from AndroidManifest.xml:73:4
	android:name
		ADDED from AndroidManifest.xml:71:13
activity#ru.vlad805.mapssharedpoints.RegisterActivity
ADDED from AndroidManifest.xml:75:9
	android:label
		ADDED from AndroidManifest.xml:77:13
	android:theme
		ADDED from AndroidManifest.xml:78:4
	android:name
		ADDED from AndroidManifest.xml:76:13
activity#ru.vlad805.mapssharedpoints.IntentResolver
ADDED from AndroidManifest.xml:80:9
	android:label
		ADDED from AndroidManifest.xml:82:13
	android:name
		ADDED from AndroidManifest.xml:81:13
intent-filter#android.intent.action.VIEW+android.intent.category.DEFAULT
ADDED from AndroidManifest.xml:83:13
data
ADDED from AndroidManifest.xml:88:17
	android:scheme
		ADDED from AndroidManifest.xml:88:23
activity#com.vk.sdk.VKOpenAuthActivity
ADDED from AndroidManifest.xml:94:9
MERGED from com.vk:androidsdk:1.5.1:12:9
	android:name
		ADDED from AndroidManifest.xml:94:19
activity#com.vk.sdk.VKServiceActivity
ADDED from AndroidManifest.xml:95:9
MERGED from com.vk:androidsdk:1.5.1:13:9
	android:label
		ADDED from AndroidManifest.xml:95:63
	android:theme
		ADDED from AndroidManifest.xml:95:95
	android:name
		ADDED from AndroidManifest.xml:95:19
uses-sdk
INJECTED from AndroidManifest.xml:0:0 reason: use-sdk injection requested
MERGED from YandexSharedPoints:yandexmapkitlibrary:unspecified:7:5
MERGED from com.vk:androidsdk:1.5.1:7:5
MERGED from com.android.support:support-v4:22.2.0:20:5
MERGED from com.android.support:appcompat-v7:22.2.0:20:5
MERGED from com.android.support:support-v4:22.2.0:20:5
	android:targetSdkVersion
		INJECTED from AndroidManifest.xml:0:0
		INJECTED from AndroidManifest.xml:0:0
	android:minSdkVersion
		INJECTED from AndroidManifest.xml:0:0
		INJECTED from AndroidManifest.xml:0:0
supports-screens
ADDED from YandexSharedPoints:yandexmapkitlibrary:unspecified:11:5
	android:largeScreens
		ADDED from YandexSharedPoints:yandexmapkitlibrary:unspecified:12:9
	android:smallScreens
		ADDED from YandexSharedPoints:yandexmapkitlibrary:unspecified:14:9
	android:normalScreens
		ADDED from YandexSharedPoints:yandexmapkitlibrary:unspecified:13:9
uses-permission#android.permission.VIBRATE
ADDED from YandexSharedPoints:yandexmapkitlibrary:unspecified:24:5
	android:name
		ADDED from YandexSharedPoints:yandexmapkitlibrary:unspecified:24:22
android:uses-permission#android.permission.READ_EXTERNAL_STORAGE
IMPLIED from AndroidManifest.xml:2:1 reason: ru.yandex.yandexmapkit requested WRITE_EXTERNAL_STORAGE